
 --------------------------------------
 Starting ... at YYYY MM DD HH MM SS = 
                 2024  1 24  9 49  2
 Program preprocess
 --------------------------------------

  set_nml_output Echo NML values to log file only
 Path names of default obs_def and obs_qty modules
 ../../../observations/forward_operators/DEFAULT_obs_def_mod.F90
 ../../../assimilation_code/modules/observations/DEFAULT_obs_kind_mod.F90
 Path names of output obs_def and obs_qty modules
 ../../../observations/forward_operators/obs_def_mod.f90
 ../../../assimilation_code/modules/observations/obs_kind_mod.f90
 INPUT obs_def files:
 ../../../observations/forward_operators/obs_def_1d_state_mod.f90
 INPUT quantity files:
 ../../../assimilation_code/modules/observations/oned_quantities_mod.f90
  preprocess Finished successfully.

 --------------------------------------
 Finished ... at YYYY MM DD HH MM SS = 
                 2024  1 24  9 49  2
 Program preprocess
 --------------------------------------


 --------------------------------------
 Starting ... at YYYY MM DD HH MM SS = 
                 2024  1 24 10 20 19
 Program preprocess
 --------------------------------------

  set_nml_output Echo NML values to log file only
 Path names of default obs_def and obs_qty modules
 ../../../observations/forward_operators/DEFAULT_obs_def_mod.F90
 ../../../assimilation_code/modules/observations/DEFAULT_obs_kind_mod.F90
 Path names of output obs_def and obs_qty modules
 ../../../observations/forward_operators/obs_def_mod.f90
 ../../../assimilation_code/modules/observations/obs_kind_mod.f90
 INPUT obs_def files:
 ../../../observations/forward_operators/obs_def_1d_state_mod.f90
 INPUT quantity files:
 ../../../assimilation_code/modules/observations/oned_quantities_mod.f90
  preprocess Finished successfully.

 --------------------------------------
 Finished ... at YYYY MM DD HH MM SS = 
                 2024  1 24 10 20 19
 Program preprocess
 --------------------------------------


 --------------------------------------
 Starting ... at YYYY MM DD HH MM SS = 
                 2024  1 24 10 42  5
 Program preprocess
 --------------------------------------

  set_nml_output Echo NML values to log file only
 Path names of default obs_def and obs_qty modules
 ../../../observations/forward_operators/DEFAULT_obs_def_mod.F90
 ../../../assimilation_code/modules/observations/DEFAULT_obs_kind_mod.F90
 Path names of output obs_def and obs_qty modules
 ../../../observations/forward_operators/obs_def_mod.f90
 ../../../assimilation_code/modules/observations/obs_kind_mod.f90
 INPUT obs_def files:
 ../../../observations/forward_operators/obs_def_1d_state_mod.f90
 INPUT quantity files:
 ../../../assimilation_code/modules/observations/oned_quantities_mod.f90
  preprocess Finished successfully.

 --------------------------------------
 Finished ... at YYYY MM DD HH MM SS = 
                 2024  1 24 10 42  5
 Program preprocess
 --------------------------------------


 --------------------------------------
 Starting ... at YYYY MM DD HH MM SS = 
                 2024  1 24 11 12  4
 Program preprocess
 --------------------------------------

  set_nml_output Echo NML values to log file only
 Path names of default obs_def and obs_qty modules
 ../../../observations/forward_operators/DEFAULT_obs_def_mod.F90
 ../../../assimilation_code/modules/observations/DEFAULT_obs_kind_mod.F90
 Path names of output obs_def and obs_qty modules
 ../../../observations/forward_operators/obs_def_mod.f90
 ../../../assimilation_code/modules/observations/obs_kind_mod.f90
 INPUT obs_def files:
 ../../../observations/forward_operators/obs_def_1d_state_mod.f90
 INPUT quantity files:
 ../../../assimilation_code/modules/observations/oned_quantities_mod.f90
  preprocess Finished successfully.

 --------------------------------------
 Finished ... at YYYY MM DD HH MM SS = 
                 2024  1 24 11 12  4
 Program preprocess
 --------------------------------------


 --------------------------------------
 Starting ... at YYYY MM DD HH MM SS = 
                 2024  1 24 12 11 18
 Program preprocess
 --------------------------------------

  set_nml_output Echo NML values to log file only
 Path names of default obs_def and obs_qty modules
 ../../../observations/forward_operators/DEFAULT_obs_def_mod.F90
 ../../../assimilation_code/modules/observations/DEFAULT_obs_kind_mod.F90
 Path names of output obs_def and obs_qty modules
 ../../../observations/forward_operators/obs_def_mod.f90
 ../../../assimilation_code/modules/observations/obs_kind_mod.f90
 INPUT obs_def files:
 ../../../observations/forward_operators/obs_def_1d_state_mod.f90
 INPUT quantity files:
 ../../../assimilation_code/modules/observations/oned_quantities_mod.f90
  preprocess Finished successfully.

 --------------------------------------
 Finished ... at YYYY MM DD HH MM SS = 
                 2024  1 24 12 11 18
 Program preprocess
 --------------------------------------


 --------------------------------------
 Starting ... at YYYY MM DD HH MM SS = 
                 2024  2  5 19 45 38
 Program preprocess
 --------------------------------------

  set_nml_output Echo NML values to log file only
 Path names of default obs_def and obs_qty modules
 ../../../observations/forward_operators/DEFAULT_obs_def_mod.F90
 ../../../assimilation_code/modules/observations/DEFAULT_obs_kind_mod.F90
 Path names of output obs_def and obs_qty modules
 ../../../observations/forward_operators/obs_def_mod.f90
 ../../../assimilation_code/modules/observations/obs_kind_mod.f90
 INPUT obs_def files:
 ../../../observations/forward_operators/obs_def_1d_state_mod.f90
 INPUT quantity files:
 ../../../assimilation_code/modules/observations/oned_quantities_mod.f90
  preprocess Finished successfully.

 --------------------------------------
 Finished ... at YYYY MM DD HH MM SS = 
                 2024  2  5 19 45 38
 Program preprocess
 --------------------------------------


 --------------------------------------
 Starting ... at YYYY MM DD HH MM SS = 
                 2024  2  5 19 55 53
 Program preprocess
 --------------------------------------

  set_nml_output Echo NML values to log file only
 Path names of default obs_def and obs_qty modules
 ../../../observations/forward_operators/DEFAULT_obs_def_mod.F90
 ../../../assimilation_code/modules/observations/DEFAULT_obs_kind_mod.F90
 Path names of output obs_def and obs_qty modules
 ../../../observations/forward_operators/obs_def_mod.f90
 ../../../assimilation_code/modules/observations/obs_kind_mod.f90
 INPUT obs_def files:
 ../../../observations/forward_operators/obs_def_1d_state_mod.f90
 INPUT quantity files:
 ../../../assimilation_code/modules/observations/oned_quantities_mod.f90
  preprocess Finished successfully.

 --------------------------------------
 Finished ... at YYYY MM DD HH MM SS = 
                 2024  2  5 19 55 53
 Program preprocess
 --------------------------------------


 --------------------------------------
 Starting ... at YYYY MM DD HH MM SS = 
                 2024  2  5 19 57 36
 Program preprocess
 --------------------------------------

  set_nml_output Echo NML values to log file only
 Path names of default obs_def and obs_qty modules
 ../../../observations/forward_operators/DEFAULT_obs_def_mod.F90
 ../../../assimilation_code/modules/observations/DEFAULT_obs_kind_mod.F90
 Path names of output obs_def and obs_qty modules
 ../../../observations/forward_operators/obs_def_mod.f90
 ../../../assimilation_code/modules/observations/obs_kind_mod.f90
 INPUT obs_def files:
 ../../../observations/forward_operators/obs_def_1d_state_mod.f90
 INPUT quantity files:
 ../../../assimilation_code/modules/observations/oned_quantities_mod.f90
  preprocess Finished successfully.

 --------------------------------------
 Finished ... at YYYY MM DD HH MM SS = 
                 2024  2  5 19 57 36
 Program preprocess
 --------------------------------------


 --------------------------------------
 Starting ... at YYYY MM DD HH MM SS = 
                 2024  2  5 20  0 40
 Program preprocess
 --------------------------------------

  set_nml_output Echo NML values to log file only
 Path names of default obs_def and obs_qty modules
 ../../../observations/forward_operators/DEFAULT_obs_def_mod.F90
 ../../../assimilation_code/modules/observations/DEFAULT_obs_kind_mod.F90
 Path names of output obs_def and obs_qty modules
 ../../../observations/forward_operators/obs_def_mod.f90
 ../../../assimilation_code/modules/observations/obs_kind_mod.f90
 INPUT obs_def files:
 ../../../observations/forward_operators/obs_def_1d_state_mod.f90
 INPUT quantity files:
 ../../../assimilation_code/modules/observations/oned_quantities_mod.f90
  preprocess Finished successfully.

 --------------------------------------
 Finished ... at YYYY MM DD HH MM SS = 
                 2024  2  5 20  0 40
 Program preprocess
 --------------------------------------


 --------------------------------------
 Starting ... at YYYY MM DD HH MM SS = 
                 2024  2  5 20 13  4
 Program preprocess
 --------------------------------------

  set_nml_output Echo NML values to log file only
 Path names of default obs_def and obs_qty modules
 ../../../observations/forward_operators/DEFAULT_obs_def_mod.F90
 ../../../assimilation_code/modules/observations/DEFAULT_obs_kind_mod.F90
 Path names of output obs_def and obs_qty modules
 ../../../observations/forward_operators/obs_def_mod.f90
 ../../../assimilation_code/modules/observations/obs_kind_mod.f90
 INPUT obs_def files:
 ../../../observations/forward_operators/obs_def_1d_state_mod.f90
 INPUT quantity files:
 ../../../assimilation_code/modules/observations/oned_quantities_mod.f90
  preprocess Finished successfully.

 --------------------------------------
 Finished ... at YYYY MM DD HH MM SS = 
                 2024  2  5 20 13  4
 Program preprocess
 --------------------------------------


 --------------------------------------
 Starting ... at YYYY MM DD HH MM SS = 
                 2024  2  5 20 15 27
 Program preprocess
 --------------------------------------

  set_nml_output Echo NML values to log file only
 Path names of default obs_def and obs_qty modules
 ../../../observations/forward_operators/DEFAULT_obs_def_mod.F90
 ../../../assimilation_code/modules/observations/DEFAULT_obs_kind_mod.F90
 Path names of output obs_def and obs_qty modules
 ../../../observations/forward_operators/obs_def_mod.f90
 ../../../assimilation_code/modules/observations/obs_kind_mod.f90
 INPUT obs_def files:
 ../../../observations/forward_operators/obs_def_1d_state_mod.f90
 INPUT quantity files:
 ../../../assimilation_code/modules/observations/oned_quantities_mod.f90
  preprocess Finished successfully.

 --------------------------------------
 Finished ... at YYYY MM DD HH MM SS = 
                 2024  2  5 20 15 27
 Program preprocess
 --------------------------------------


 --------------------------------------
 Starting ... at YYYY MM DD HH MM SS = 
                 2024  2  5 20 21 17
 Program preprocess
 --------------------------------------

  set_nml_output Echo NML values to log file only
 Path names of default obs_def and obs_qty modules
 ../../../observations/forward_operators/DEFAULT_obs_def_mod.F90
 ../../../assimilation_code/modules/observations/DEFAULT_obs_kind_mod.F90
 Path names of output obs_def and obs_qty modules
 ../../../observations/forward_operators/obs_def_mod.f90
 ../../../assimilation_code/modules/observations/obs_kind_mod.f90
 INPUT obs_def files:
 ../../../observations/forward_operators/obs_def_1d_state_mod.f90
 INPUT quantity files:
 ../../../assimilation_code/modules/observations/oned_quantities_mod.f90
  preprocess Finished successfully.

 --------------------------------------
 Finished ... at YYYY MM DD HH MM SS = 
                 2024  2  5 20 21 17
 Program preprocess
 --------------------------------------


 --------------------------------------
 Starting ... at YYYY MM DD HH MM SS = 
                 2024  2  5 20 22 48
 Program preprocess
 --------------------------------------

  set_nml_output Echo NML values to log file only
 Path names of default obs_def and obs_qty modules
 ../../../observations/forward_operators/DEFAULT_obs_def_mod.F90
 ../../../assimilation_code/modules/observations/DEFAULT_obs_kind_mod.F90
 Path names of output obs_def and obs_qty modules
 ../../../observations/forward_operators/obs_def_mod.f90
 ../../../assimilation_code/modules/observations/obs_kind_mod.f90
 INPUT obs_def files:
 ../../../observations/forward_operators/obs_def_1d_state_mod.f90
 INPUT quantity files:
 ../../../assimilation_code/modules/observations/oned_quantities_mod.f90
  preprocess Finished successfully.

 --------------------------------------
 Finished ... at YYYY MM DD HH MM SS = 
                 2024  2  5 20 22 48
 Program preprocess
 --------------------------------------


 --------------------------------------
 Starting ... at YYYY MM DD HH MM SS = 
                 2024  2  5 20 28 56
 Program preprocess
 --------------------------------------

  set_nml_output Echo NML values to log file only
 Path names of default obs_def and obs_qty modules
 ../../../observations/forward_operators/DEFAULT_obs_def_mod.F90
 ../../../assimilation_code/modules/observations/DEFAULT_obs_kind_mod.F90
 Path names of output obs_def and obs_qty modules
 ../../../observations/forward_operators/obs_def_mod.f90
 ../../../assimilation_code/modules/observations/obs_kind_mod.f90
 INPUT obs_def files:
 ../../../observations/forward_operators/obs_def_1d_state_mod.f90
 INPUT quantity files:
 ../../../assimilation_code/modules/observations/oned_quantities_mod.f90
  preprocess Finished successfully.

 --------------------------------------
 Finished ... at YYYY MM DD HH MM SS = 
                 2024  2  5 20 28 56
 Program preprocess
 --------------------------------------


 --------------------------------------
 Starting ... at YYYY MM DD HH MM SS = 
                 2024  2  5 20 30  9
 Program preprocess
 --------------------------------------

  set_nml_output Echo NML values to log file only
 Path names of default obs_def and obs_qty modules
 ../../../observations/forward_operators/DEFAULT_obs_def_mod.F90
 ../../../assimilation_code/modules/observations/DEFAULT_obs_kind_mod.F90
 Path names of output obs_def and obs_qty modules
 ../../../observations/forward_operators/obs_def_mod.f90
 ../../../assimilation_code/modules/observations/obs_kind_mod.f90
 INPUT obs_def files:
 ../../../observations/forward_operators/obs_def_1d_state_mod.f90
 INPUT quantity files:
 ../../../assimilation_code/modules/observations/oned_quantities_mod.f90
  preprocess Finished successfully.

 --------------------------------------
 Finished ... at YYYY MM DD HH MM SS = 
                 2024  2  5 20 30  9
 Program preprocess
 --------------------------------------


 --------------------------------------
 Starting ... at YYYY MM DD HH MM SS = 
                 2024  2  6 10  9 24
 Program preprocess
 --------------------------------------

  set_nml_output Echo NML values to log file only
 Path names of default obs_def and obs_qty modules
 ../../../observations/forward_operators/DEFAULT_obs_def_mod.F90
 ../../../assimilation_code/modules/observations/DEFAULT_obs_kind_mod.F90
 Path names of output obs_def and obs_qty modules
 ../../../observations/forward_operators/obs_def_mod.f90
 ../../../assimilation_code/modules/observations/obs_kind_mod.f90
 INPUT obs_def files:
 ../../../observations/forward_operators/obs_def_1d_state_mod.f90
 INPUT quantity files:
 ../../../assimilation_code/modules/observations/oned_quantities_mod.f90
  preprocess Finished successfully.

 --------------------------------------
 Finished ... at YYYY MM DD HH MM SS = 
                 2024  2  6 10  9 24
 Program preprocess
 --------------------------------------


 --------------------------------------
 Starting ... at YYYY MM DD HH MM SS = 
                 2024  2  6 10 11 42
 Program preprocess
 --------------------------------------

  set_nml_output Echo NML values to log file only
 Path names of default obs_def and obs_qty modules
 ../../../observations/forward_operators/DEFAULT_obs_def_mod.F90
 ../../../assimilation_code/modules/observations/DEFAULT_obs_kind_mod.F90
 Path names of output obs_def and obs_qty modules
 ../../../observations/forward_operators/obs_def_mod.f90
 ../../../assimilation_code/modules/observations/obs_kind_mod.f90
 INPUT obs_def files:
 ../../../observations/forward_operators/obs_def_1d_state_mod.f90
 INPUT quantity files:
 ../../../assimilation_code/modules/observations/oned_quantities_mod.f90
  preprocess Finished successfully.

 --------------------------------------
 Finished ... at YYYY MM DD HH MM SS = 
                 2024  2  6 10 11 42
 Program preprocess
 --------------------------------------


 --------------------------------------
 Starting ... at YYYY MM DD HH MM SS = 
                 2024  2  6 10 15 49
 Program preprocess
 --------------------------------------

  set_nml_output Echo NML values to log file only
 Path names of default obs_def and obs_qty modules
 ../../../observations/forward_operators/DEFAULT_obs_def_mod.F90
 ../../../assimilation_code/modules/observations/DEFAULT_obs_kind_mod.F90
 Path names of output obs_def and obs_qty modules
 ../../../observations/forward_operators/obs_def_mod.f90
 ../../../assimilation_code/modules/observations/obs_kind_mod.f90
 INPUT obs_def files:
 ../../../observations/forward_operators/obs_def_1d_state_mod.f90
 INPUT quantity files:
 ../../../assimilation_code/modules/observations/oned_quantities_mod.f90
  preprocess Finished successfully.

 --------------------------------------
 Finished ... at YYYY MM DD HH MM SS = 
                 2024  2  6 10 15 49
 Program preprocess
 --------------------------------------


 --------------------------------------
 Starting ... at YYYY MM DD HH MM SS = 
                 2024  2  6 10 16 23
 Program preprocess
 --------------------------------------

  set_nml_output Echo NML values to log file only
 Path names of default obs_def and obs_qty modules
 ../../../observations/forward_operators/DEFAULT_obs_def_mod.F90
 ../../../assimilation_code/modules/observations/DEFAULT_obs_kind_mod.F90
 Path names of output obs_def and obs_qty modules
 ../../../observations/forward_operators/obs_def_mod.f90
 ../../../assimilation_code/modules/observations/obs_kind_mod.f90
 INPUT obs_def files:
 ../../../observations/forward_operators/obs_def_1d_state_mod.f90
 INPUT quantity files:
 ../../../assimilation_code/modules/observations/oned_quantities_mod.f90
  preprocess Finished successfully.

 --------------------------------------
 Finished ... at YYYY MM DD HH MM SS = 
                 2024  2  6 10 16 23
 Program preprocess
 --------------------------------------


 --------------------------------------
 Starting ... at YYYY MM DD HH MM SS = 
                 2024  2  6 10 21 40
 Program preprocess
 --------------------------------------

  set_nml_output Echo NML values to log file only
 Path names of default obs_def and obs_qty modules
 ../../../observations/forward_operators/DEFAULT_obs_def_mod.F90
 ../../../assimilation_code/modules/observations/DEFAULT_obs_kind_mod.F90
 Path names of output obs_def and obs_qty modules
 ../../../observations/forward_operators/obs_def_mod.f90
 ../../../assimilation_code/modules/observations/obs_kind_mod.f90
 INPUT obs_def files:
 ../../../observations/forward_operators/obs_def_1d_state_mod.f90
 INPUT quantity files:
 ../../../assimilation_code/modules/observations/oned_quantities_mod.f90
  preprocess Finished successfully.

 --------------------------------------
 Finished ... at YYYY MM DD HH MM SS = 
                 2024  2  6 10 21 40
 Program preprocess
 --------------------------------------


 --------------------------------------
 Starting ... at YYYY MM DD HH MM SS = 
                 2024  2  6 10 25 20
 Program preprocess
 --------------------------------------

  set_nml_output Echo NML values to log file only
 Path names of default obs_def and obs_qty modules
 ../../../observations/forward_operators/DEFAULT_obs_def_mod.F90
 ../../../assimilation_code/modules/observations/DEFAULT_obs_kind_mod.F90
 Path names of output obs_def and obs_qty modules
 ../../../observations/forward_operators/obs_def_mod.f90
 ../../../assimilation_code/modules/observations/obs_kind_mod.f90
 INPUT obs_def files:
 ../../../observations/forward_operators/obs_def_1d_state_mod.f90
 INPUT quantity files:
 ../../../assimilation_code/modules/observations/oned_quantities_mod.f90
  preprocess Finished successfully.

 --------------------------------------
 Finished ... at YYYY MM DD HH MM SS = 
                 2024  2  6 10 25 20
 Program preprocess
 --------------------------------------


 --------------------------------------
 Starting ... at YYYY MM DD HH MM SS = 
                 2024  2  6 10 32 56
 Program preprocess
 --------------------------------------

  set_nml_output Echo NML values to log file only
 Path names of default obs_def and obs_qty modules
 ../../../observations/forward_operators/DEFAULT_obs_def_mod.F90
 ../../../assimilation_code/modules/observations/DEFAULT_obs_kind_mod.F90
 Path names of output obs_def and obs_qty modules
 ../../../observations/forward_operators/obs_def_mod.f90
 ../../../assimilation_code/modules/observations/obs_kind_mod.f90
 INPUT obs_def files:
 ../../../observations/forward_operators/obs_def_1d_state_mod.f90
 INPUT quantity files:
 ../../../assimilation_code/modules/observations/oned_quantities_mod.f90
  preprocess Finished successfully.

 --------------------------------------
 Finished ... at YYYY MM DD HH MM SS = 
                 2024  2  6 10 32 56
 Program preprocess
 --------------------------------------


 --------------------------------------
 Starting ... at YYYY MM DD HH MM SS = 
                 2024  2 27 15 42 11
 Program preprocess
 --------------------------------------

  set_nml_output Echo NML values to log file only
 Path names of default obs_def and obs_qty modules
 ../../../observations/forward_operators/DEFAULT_obs_def_mod.F90
 ../../../assimilation_code/modules/observations/DEFAULT_obs_kind_mod.F90
 Path names of output obs_def and obs_qty modules
 ../../../observations/forward_operators/obs_def_mod.f90
 ../../../assimilation_code/modules/observations/obs_kind_mod.f90
 INPUT obs_def files:
 ../../../observations/forward_operators/obs_def_1d_state_mod.f90
 INPUT quantity files:
 ../../../assimilation_code/modules/observations/oned_quantities_mod.f90
  preprocess Finished successfully.

 --------------------------------------
 Finished ... at YYYY MM DD HH MM SS = 
                 2024  2 27 15 42 11
 Program preprocess
 --------------------------------------


 --------------------------------------
 Starting ... at YYYY MM DD HH MM SS = 
                 2024  3  4 21 47 18
 Program preprocess
 --------------------------------------

  set_nml_output Echo NML values to log file only
 Path names of default obs_def and obs_qty modules
 ../../../observations/forward_operators/DEFAULT_obs_def_mod.F90
 ../../../assimilation_code/modules/observations/DEFAULT_obs_kind_mod.F90
 Path names of output obs_def and obs_qty modules
 ../../../observations/forward_operators/obs_def_mod.f90
 ../../../assimilation_code/modules/observations/obs_kind_mod.f90
 INPUT obs_def files:
 ../../../observations/forward_operators/obs_def_1d_state_mod.f90
 INPUT quantity files:
 ../../../assimilation_code/modules/observations/oned_quantities_mod.f90
  preprocess Finished successfully.

 --------------------------------------
 Finished ... at YYYY MM DD HH MM SS = 
                 2024  3  4 21 47 18
 Program preprocess
 --------------------------------------


 --------------------------------------
 Starting ... at YYYY MM DD HH MM SS = 
                 2024  3  4 21 52 42
 Program preprocess
 --------------------------------------

  set_nml_output Echo NML values to log file only
 Path names of default obs_def and obs_qty modules
 ../../../observations/forward_operators/DEFAULT_obs_def_mod.F90
 ../../../assimilation_code/modules/observations/DEFAULT_obs_kind_mod.F90
 Path names of output obs_def and obs_qty modules
 ../../../observations/forward_operators/obs_def_mod.f90
 ../../../assimilation_code/modules/observations/obs_kind_mod.f90
 INPUT obs_def files:
 ../../../observations/forward_operators/obs_def_1d_state_mod.f90
 INPUT quantity files:
 ../../../assimilation_code/modules/observations/oned_quantities_mod.f90
  preprocess Finished successfully.

 --------------------------------------
 Finished ... at YYYY MM DD HH MM SS = 
                 2024  3  4 21 52 42
 Program preprocess
 --------------------------------------


 --------------------------------------
 Starting ... at YYYY MM DD HH MM SS = 
                 2024  3  4 21 58 13
 Program preprocess
 --------------------------------------

  set_nml_output Echo NML values to log file only
 Path names of default obs_def and obs_qty modules
 ../../../observations/forward_operators/DEFAULT_obs_def_mod.F90
 ../../../assimilation_code/modules/observations/DEFAULT_obs_kind_mod.F90
 Path names of output obs_def and obs_qty modules
 ../../../observations/forward_operators/obs_def_mod.f90
 ../../../assimilation_code/modules/observations/obs_kind_mod.f90
 INPUT obs_def files:
 ../../../observations/forward_operators/obs_def_1d_state_mod.f90
 INPUT quantity files:
 ../../../assimilation_code/modules/observations/oned_quantities_mod.f90
  preprocess Finished successfully.

 --------------------------------------
 Finished ... at YYYY MM DD HH MM SS = 
                 2024  3  4 21 58 13
 Program preprocess
 --------------------------------------


 --------------------------------------
 Starting ... at YYYY MM DD HH MM SS = 
                 2024  3  4 21 59 16
 Program preprocess
 --------------------------------------

  set_nml_output Echo NML values to log file only
 Path names of default obs_def and obs_qty modules
 ../../../observations/forward_operators/DEFAULT_obs_def_mod.F90
 ../../../assimilation_code/modules/observations/DEFAULT_obs_kind_mod.F90
 Path names of output obs_def and obs_qty modules
 ../../../observations/forward_operators/obs_def_mod.f90
 ../../../assimilation_code/modules/observations/obs_kind_mod.f90
 INPUT obs_def files:
 ../../../observations/forward_operators/obs_def_1d_state_mod.f90
 INPUT quantity files:
 ../../../assimilation_code/modules/observations/oned_quantities_mod.f90
  preprocess Finished successfully.

 --------------------------------------
 Finished ... at YYYY MM DD HH MM SS = 
                 2024  3  4 21 59 16
 Program preprocess
 --------------------------------------


 --------------------------------------
 Starting ... at YYYY MM DD HH MM SS = 
                 2024  3  4 22  0  8
 Program preprocess
 --------------------------------------

  set_nml_output Echo NML values to log file only
 Path names of default obs_def and obs_qty modules
 ../../../observations/forward_operators/DEFAULT_obs_def_mod.F90
 ../../../assimilation_code/modules/observations/DEFAULT_obs_kind_mod.F90
 Path names of output obs_def and obs_qty modules
 ../../../observations/forward_operators/obs_def_mod.f90
 ../../../assimilation_code/modules/observations/obs_kind_mod.f90
 INPUT obs_def files:
 ../../../observations/forward_operators/obs_def_1d_state_mod.f90
 INPUT quantity files:
 ../../../assimilation_code/modules/observations/oned_quantities_mod.f90
  preprocess Finished successfully.

 --------------------------------------
 Finished ... at YYYY MM DD HH MM SS = 
                 2024  3  4 22  0  8
 Program preprocess
 --------------------------------------


 --------------------------------------
 Starting ... at YYYY MM DD HH MM SS = 
                 2024  3  4 22  6 32
 Program preprocess
 --------------------------------------

  set_nml_output Echo NML values to log file only
 Path names of default obs_def and obs_qty modules
 ../../../observations/forward_operators/DEFAULT_obs_def_mod.F90
 ../../../assimilation_code/modules/observations/DEFAULT_obs_kind_mod.F90
 Path names of output obs_def and obs_qty modules
 ../../../observations/forward_operators/obs_def_mod.f90
 ../../../assimilation_code/modules/observations/obs_kind_mod.f90
 INPUT obs_def files:
 ../../../observations/forward_operators/obs_def_1d_state_mod.f90
 INPUT quantity files:
 ../../../assimilation_code/modules/observations/oned_quantities_mod.f90
  preprocess Finished successfully.

 --------------------------------------
 Finished ... at YYYY MM DD HH MM SS = 
                 2024  3  4 22  6 32
 Program preprocess
 --------------------------------------


 --------------------------------------
 Starting ... at YYYY MM DD HH MM SS = 
                 2024  3 12 21 18 45
 Program preprocess
 --------------------------------------

  set_nml_output Echo NML values to log file only
 Path names of default obs_def and obs_qty modules
 ../../../observations/forward_operators/DEFAULT_obs_def_mod.F90
 ../../../assimilation_code/modules/observations/DEFAULT_obs_kind_mod.F90
 Path names of output obs_def and obs_qty modules
 ../../../observations/forward_operators/obs_def_mod.f90
 ../../../assimilation_code/modules/observations/obs_kind_mod.f90
 INPUT obs_def files:
 ../../../observations/forward_operators/obs_def_1d_state_mod.f90
 INPUT quantity files:
 ../../../assimilation_code/modules/observations/oned_quantities_mod.f90
  preprocess Finished successfully.

 --------------------------------------
 Finished ... at YYYY MM DD HH MM SS = 
                 2024  3 12 21 18 45
 Program preprocess
 --------------------------------------


 --------------------------------------
 Starting ... at YYYY MM DD HH MM SS = 
                 2024  3 13 14 53 48
 Program preprocess
 --------------------------------------

  set_nml_output Echo NML values to log file only
 Path names of default obs_def and obs_qty modules
 ../../../observations/forward_operators/DEFAULT_obs_def_mod.F90
 ../../../assimilation_code/modules/observations/DEFAULT_obs_kind_mod.F90
 Path names of output obs_def and obs_qty modules
 ../../../observations/forward_operators/obs_def_mod.f90
 ../../../assimilation_code/modules/observations/obs_kind_mod.f90
 INPUT obs_def files:
 ../../../observations/forward_operators/obs_def_1d_state_mod.f90
 INPUT quantity files:
 ../../../assimilation_code/modules/observations/oned_quantities_mod.f90
  preprocess Finished successfully.

 --------------------------------------
 Finished ... at YYYY MM DD HH MM SS = 
                 2024  3 13 14 53 48
 Program preprocess
 --------------------------------------


 --------------------------------------
 Starting ... at YYYY MM DD HH MM SS = 
                 2024  3 13 15  9 20
 Program preprocess
 --------------------------------------

  set_nml_output Echo NML values to log file only
 Path names of default obs_def and obs_qty modules
 ../../../observations/forward_operators/DEFAULT_obs_def_mod.F90
 ../../../assimilation_code/modules/observations/DEFAULT_obs_kind_mod.F90
 Path names of output obs_def and obs_qty modules
 ../../../observations/forward_operators/obs_def_mod.f90
 ../../../assimilation_code/modules/observations/obs_kind_mod.f90
 INPUT obs_def files:
 ../../../observations/forward_operators/obs_def_1d_state_mod.f90
 INPUT quantity files:
 ../../../assimilation_code/modules/observations/oned_quantities_mod.f90
  preprocess Finished successfully.

 --------------------------------------
 Finished ... at YYYY MM DD HH MM SS = 
                 2024  3 13 15  9 20
 Program preprocess
 --------------------------------------


 --------------------------------------
 Starting ... at YYYY MM DD HH MM SS = 
                 2024  3 13 15 11 18
 Program preprocess
 --------------------------------------

  set_nml_output Echo NML values to log file only
 Path names of default obs_def and obs_qty modules
 ../../../observations/forward_operators/DEFAULT_obs_def_mod.F90
 ../../../assimilation_code/modules/observations/DEFAULT_obs_kind_mod.F90
 Path names of output obs_def and obs_qty modules
 ../../../observations/forward_operators/obs_def_mod.f90
 ../../../assimilation_code/modules/observations/obs_kind_mod.f90
 INPUT obs_def files:
 ../../../observations/forward_operators/obs_def_1d_state_mod.f90
 INPUT quantity files:
 ../../../assimilation_code/modules/observations/oned_quantities_mod.f90
  preprocess Finished successfully.

 --------------------------------------
 Finished ... at YYYY MM DD HH MM SS = 
                 2024  3 13 15 11 18
 Program preprocess
 --------------------------------------


 --------------------------------------
 Starting ... at YYYY MM DD HH MM SS = 
                 2024  3 13 16 13 54
 Program preprocess
 --------------------------------------

  set_nml_output Echo NML values to log file only
 Path names of default obs_def and obs_qty modules
 ../../../observations/forward_operators/DEFAULT_obs_def_mod.F90
 ../../../assimilation_code/modules/observations/DEFAULT_obs_kind_mod.F90
 Path names of output obs_def and obs_qty modules
 ../../../observations/forward_operators/obs_def_mod.f90
 ../../../assimilation_code/modules/observations/obs_kind_mod.f90
 INPUT obs_def files:
 ../../../observations/forward_operators/obs_def_1d_state_mod.f90
 INPUT quantity files:
 ../../../assimilation_code/modules/observations/oned_quantities_mod.f90
  preprocess Finished successfully.

 --------------------------------------
 Finished ... at YYYY MM DD HH MM SS = 
                 2024  3 13 16 13 54
 Program preprocess
 --------------------------------------


 --------------------------------------
 Starting ... at YYYY MM DD HH MM SS = 
                 2024  3 13 16 27 45
 Program preprocess
 --------------------------------------

  set_nml_output Echo NML values to log file only
 Path names of default obs_def and obs_qty modules
 ../../../observations/forward_operators/DEFAULT_obs_def_mod.F90
 ../../../assimilation_code/modules/observations/DEFAULT_obs_kind_mod.F90
 Path names of output obs_def and obs_qty modules
 ../../../observations/forward_operators/obs_def_mod.f90
 ../../../assimilation_code/modules/observations/obs_kind_mod.f90
 INPUT obs_def files:
 ../../../observations/forward_operators/obs_def_1d_state_mod.f90
 INPUT quantity files:
 ../../../assimilation_code/modules/observations/oned_quantities_mod.f90
  preprocess Finished successfully.

 --------------------------------------
 Finished ... at YYYY MM DD HH MM SS = 
                 2024  3 13 16 27 45
 Program preprocess
 --------------------------------------


 --------------------------------------
 Starting ... at YYYY MM DD HH MM SS = 
                 2024  3 13 16 28 13
 Program preprocess
 --------------------------------------

  set_nml_output Echo NML values to log file only
 Path names of default obs_def and obs_qty modules
 ../../../observations/forward_operators/DEFAULT_obs_def_mod.F90
 ../../../assimilation_code/modules/observations/DEFAULT_obs_kind_mod.F90
 Path names of output obs_def and obs_qty modules
 ../../../observations/forward_operators/obs_def_mod.f90
 ../../../assimilation_code/modules/observations/obs_kind_mod.f90
 INPUT obs_def files:
 ../../../observations/forward_operators/obs_def_1d_state_mod.f90
 INPUT quantity files:
 ../../../assimilation_code/modules/observations/oned_quantities_mod.f90
  preprocess Finished successfully.

 --------------------------------------
 Finished ... at YYYY MM DD HH MM SS = 
                 2024  3 13 16 28 13
 Program preprocess
 --------------------------------------


 --------------------------------------
 Starting ... at YYYY MM DD HH MM SS = 
                 2024  3 13 16 47 37
 Program preprocess
 --------------------------------------

  set_nml_output Echo NML values to log file only
 Path names of default obs_def and obs_qty modules
 ../../../observations/forward_operators/DEFAULT_obs_def_mod.F90
 ../../../assimilation_code/modules/observations/DEFAULT_obs_kind_mod.F90
 Path names of output obs_def and obs_qty modules
 ../../../observations/forward_operators/obs_def_mod.f90
 ../../../assimilation_code/modules/observations/obs_kind_mod.f90
 INPUT obs_def files:
 ../../../observations/forward_operators/obs_def_1d_state_mod.f90
 INPUT quantity files:
 ../../../assimilation_code/modules/observations/oned_quantities_mod.f90
  preprocess Finished successfully.

 --------------------------------------
 Finished ... at YYYY MM DD HH MM SS = 
                 2024  3 13 16 47 37
 Program preprocess
 --------------------------------------


 --------------------------------------
 Starting ... at YYYY MM DD HH MM SS = 
                 2024  3 13 16 55 14
 Program preprocess
 --------------------------------------

  set_nml_output Echo NML values to log file only
 Path names of default obs_def and obs_qty modules
 ../../../observations/forward_operators/DEFAULT_obs_def_mod.F90
 ../../../assimilation_code/modules/observations/DEFAULT_obs_kind_mod.F90
 Path names of output obs_def and obs_qty modules
 ../../../observations/forward_operators/obs_def_mod.f90
 ../../../assimilation_code/modules/observations/obs_kind_mod.f90
 INPUT obs_def files:
 ../../../observations/forward_operators/obs_def_land_mod.f90
 ../../../observations/forward_operators/obs_def_tower_mod.f90
 INPUT quantity files:
 ../../../assimilation_code/modules/observations/land_quantities_mod.f90
  preprocess Finished successfully.

 --------------------------------------
 Finished ... at YYYY MM DD HH MM SS = 
                 2024  3 13 16 55 14
 Program preprocess
 --------------------------------------


 --------------------------------------
 Starting ... at YYYY MM DD HH MM SS = 
                 2024  3 13 18  4 14
 Program preprocess
 --------------------------------------

  set_nml_output Echo NML values to log file only
 Path names of default obs_def and obs_qty modules
 ../../../observations/forward_operators/DEFAULT_obs_def_mod.F90
 ../../../assimilation_code/modules/observations/DEFAULT_obs_kind_mod.F90
 Path names of output obs_def and obs_qty modules
 ../../../observations/forward_operators/obs_def_mod.f90
 ../../../assimilation_code/modules/observations/obs_kind_mod.f90
 INPUT obs_def files:
 ../../../observations/forward_operators/obs_def_land_mod.f90
 ../../../observations/forward_operators/obs_def_tower_mod.f90
 INPUT quantity files:
 ../../../assimilation_code/modules/observations/land_quantities_mod.f90
  preprocess Finished successfully.

 --------------------------------------
 Finished ... at YYYY MM DD HH MM SS = 
                 2024  3 13 18  4 14
 Program preprocess
 --------------------------------------


 --------------------------------------
 Starting ... at YYYY MM DD HH MM SS = 
                 2024  3 13 18 15 34
 Program preprocess
 --------------------------------------

  set_nml_output Echo NML values to log file only
 Path names of default obs_def and obs_qty modules
 ../../../observations/forward_operators/DEFAULT_obs_def_mod.F90
 ../../../assimilation_code/modules/observations/DEFAULT_obs_kind_mod.F90
 Path names of output obs_def and obs_qty modules
 ../../../observations/forward_operators/obs_def_mod.f90
 ../../../assimilation_code/modules/observations/obs_kind_mod.f90
 INPUT obs_def files:
 ../../../observations/forward_operators/obs_def_land_mod.f90
 ../../../observations/forward_operators/obs_def_tower_mod.f90
 INPUT quantity files:
 ../../../assimilation_code/modules/observations/land_quantities_mod.f90
  preprocess Finished successfully.

 --------------------------------------
 Finished ... at YYYY MM DD HH MM SS = 
                 2024  3 13 18 15 34
 Program preprocess
 --------------------------------------


 --------------------------------------
 Starting ... at YYYY MM DD HH MM SS = 
                 2024  3 13 18 22 48
 Program preprocess
 --------------------------------------

  set_nml_output Echo NML values to log file only
 Path names of default obs_def and obs_qty modules
 ../../../observations/forward_operators/DEFAULT_obs_def_mod.F90
 ../../../assimilation_code/modules/observations/DEFAULT_obs_kind_mod.F90
 Path names of output obs_def and obs_qty modules
 ../../../observations/forward_operators/obs_def_mod.f90
 ../../../assimilation_code/modules/observations/obs_kind_mod.f90
 INPUT obs_def files:
 ../../../observations/forward_operators/obs_def_land_mod.f90
 ../../../observations/forward_operators/obs_def_tower_mod.f90
 INPUT quantity files:
 ../../../assimilation_code/modules/observations/land_quantities_mod.f90
  preprocess Finished successfully.

 --------------------------------------
 Finished ... at YYYY MM DD HH MM SS = 
                 2024  3 13 18 22 48
 Program preprocess
 --------------------------------------


 --------------------------------------
 Starting ... at YYYY MM DD HH MM SS = 
                 2024  3 13 18 28 41
 Program preprocess
 --------------------------------------

  set_nml_output Echo NML values to log file only
 Path names of default obs_def and obs_qty modules
 ../../../observations/forward_operators/DEFAULT_obs_def_mod.F90
 ../../../assimilation_code/modules/observations/DEFAULT_obs_kind_mod.F90
 Path names of output obs_def and obs_qty modules
 ../../../observations/forward_operators/obs_def_mod.f90
 ../../../assimilation_code/modules/observations/obs_kind_mod.f90
 INPUT obs_def files:
 ../../../observations/forward_operators/obs_def_land_mod.f90
 ../../../observations/forward_operators/obs_def_tower_mod.f90
 INPUT quantity files:
 ../../../assimilation_code/modules/observations/land_quantities_mod.f90
  preprocess Finished successfully.

 --------------------------------------
 Finished ... at YYYY MM DD HH MM SS = 
                 2024  3 13 18 28 41
 Program preprocess
 --------------------------------------


 --------------------------------------
 Starting ... at YYYY MM DD HH MM SS = 
                 2024  3 13 18 29 32
 Program preprocess
 --------------------------------------

  set_nml_output Echo NML values to log file only
 Path names of default obs_def and obs_qty modules
 ../../../observations/forward_operators/DEFAULT_obs_def_mod.F90
 ../../../assimilation_code/modules/observations/DEFAULT_obs_kind_mod.F90
 Path names of output obs_def and obs_qty modules
 ../../../observations/forward_operators/obs_def_mod.f90
 ../../../assimilation_code/modules/observations/obs_kind_mod.f90
 INPUT obs_def files:
 ../../../observations/forward_operators/obs_def_land_mod.f90
 ../../../observations/forward_operators/obs_def_tower_mod.f90
 INPUT quantity files:
 ../../../assimilation_code/modules/observations/land_quantities_mod.f90
  preprocess Finished successfully.

 --------------------------------------
 Finished ... at YYYY MM DD HH MM SS = 
                 2024  3 13 18 29 32
 Program preprocess
 --------------------------------------


 --------------------------------------
 Starting ... at YYYY MM DD HH MM SS = 
                 2024  3 13 18 33 32
 Program preprocess
 --------------------------------------

  set_nml_output Echo NML values to log file only
 Path names of default obs_def and obs_qty modules
 ../../../observations/forward_operators/DEFAULT_obs_def_mod.F90
 ../../../assimilation_code/modules/observations/DEFAULT_obs_kind_mod.F90
 Path names of output obs_def and obs_qty modules
 ../../../observations/forward_operators/obs_def_mod.f90
 ../../../assimilation_code/modules/observations/obs_kind_mod.f90
 INPUT obs_def files:
 ../../../observations/forward_operators/obs_def_land_mod.f90
 ../../../observations/forward_operators/obs_def_tower_mod.f90
 INPUT quantity files:
 ../../../assimilation_code/modules/observations/land_quantities_mod.f90
  preprocess Finished successfully.

 --------------------------------------
 Finished ... at YYYY MM DD HH MM SS = 
                 2024  3 13 18 33 32
 Program preprocess
 --------------------------------------


 --------------------------------------
 Starting ... at YYYY MM DD HH MM SS = 
                 2024  3 13 18 36  6
 Program preprocess
 --------------------------------------

  set_nml_output Echo NML values to log file only
 Path names of default obs_def and obs_qty modules
 ../../../observations/forward_operators/DEFAULT_obs_def_mod.F90
 ../../../assimilation_code/modules/observations/DEFAULT_obs_kind_mod.F90
 Path names of output obs_def and obs_qty modules
 ../../../observations/forward_operators/obs_def_mod.f90
 ../../../assimilation_code/modules/observations/obs_kind_mod.f90
 INPUT obs_def files:
 ../../../observations/forward_operators/obs_def_land_mod.f90
 ../../../observations/forward_operators/obs_def_tower_mod.f90
 INPUT quantity files:
 ../../../assimilation_code/modules/observations/land_quantities_mod.f90
  preprocess Finished successfully.

 --------------------------------------
 Finished ... at YYYY MM DD HH MM SS = 
                 2024  3 13 18 36  6
 Program preprocess
 --------------------------------------


 --------------------------------------
 Starting ... at YYYY MM DD HH MM SS = 
                 2024  3 13 18 38 25
 Program preprocess
 --------------------------------------

  set_nml_output Echo NML values to log file only
 Path names of default obs_def and obs_qty modules
 ../../../observations/forward_operators/DEFAULT_obs_def_mod.F90
 ../../../assimilation_code/modules/observations/DEFAULT_obs_kind_mod.F90
 Path names of output obs_def and obs_qty modules
 ../../../observations/forward_operators/obs_def_mod.f90
 ../../../assimilation_code/modules/observations/obs_kind_mod.f90
 INPUT obs_def files:
 ../../../observations/forward_operators/obs_def_land_mod.f90
 ../../../observations/forward_operators/obs_def_tower_mod.f90
 INPUT quantity files:
 ../../../assimilation_code/modules/observations/land_quantities_mod.f90
  preprocess Finished successfully.

 --------------------------------------
 Finished ... at YYYY MM DD HH MM SS = 
                 2024  3 13 18 38 25
 Program preprocess
 --------------------------------------


 --------------------------------------
 Starting ... at YYYY MM DD HH MM SS = 
                 2024  3 13 21  8 42
 Program preprocess
 --------------------------------------

  set_nml_output Echo NML values to log file only
 Path names of default obs_def and obs_qty modules
 ../../../observations/forward_operators/DEFAULT_obs_def_mod.F90
 ../../../assimilation_code/modules/observations/DEFAULT_obs_kind_mod.F90
 Path names of output obs_def and obs_qty modules
 ../../../observations/forward_operators/obs_def_mod.f90
 ../../../assimilation_code/modules/observations/obs_kind_mod.f90
 INPUT obs_def files:
 ../../../observations/forward_operators/obs_def_land_mod.f90
 ../../../observations/forward_operators/obs_def_tower_mod.f90
 INPUT quantity files:
 ../../../assimilation_code/modules/observations/land_quantities_mod.f90
  preprocess Finished successfully.

 --------------------------------------
 Finished ... at YYYY MM DD HH MM SS = 
                 2024  3 13 21  8 42
 Program preprocess
 --------------------------------------


 --------------------------------------
 Starting ... at YYYY MM DD HH MM SS = 
                 2024  3 14 19 45  8
 Program preprocess
 --------------------------------------

  set_nml_output Echo NML values to log file only
 Path names of default obs_def and obs_qty modules
 ../../../observations/forward_operators/DEFAULT_obs_def_mod.F90
 ../../../assimilation_code/modules/observations/DEFAULT_obs_kind_mod.F90
 Path names of output obs_def and obs_qty modules
 ../../../observations/forward_operators/obs_def_mod.f90
 ../../../assimilation_code/modules/observations/obs_kind_mod.f90
 INPUT obs_def files:
 ../../../observations/forward_operators/obs_def_land_mod.f90
 ../../../observations/forward_operators/obs_def_tower_mod.f90
 INPUT quantity files:
 ../../../assimilation_code/modules/observations/land_quantities_mod.f90
  preprocess Finished successfully.

 --------------------------------------
 Finished ... at YYYY MM DD HH MM SS = 
                 2024  3 14 19 45  8
 Program preprocess
 --------------------------------------


 --------------------------------------
 Starting ... at YYYY MM DD HH MM SS = 
                 2024  3 14 20  0 14
 Program preprocess
 --------------------------------------

  set_nml_output Echo NML values to log file only
 Path names of default obs_def and obs_qty modules
 ../../../observations/forward_operators/DEFAULT_obs_def_mod.F90
 ../../../assimilation_code/modules/observations/DEFAULT_obs_kind_mod.F90
 Path names of output obs_def and obs_qty modules
 ../../../observations/forward_operators/obs_def_mod.f90
 ../../../assimilation_code/modules/observations/obs_kind_mod.f90
 INPUT obs_def files:
 ../../../observations/forward_operators/obs_def_land_mod.f90
 ../../../observations/forward_operators/obs_def_tower_mod.f90
 INPUT quantity files:
 ../../../assimilation_code/modules/observations/land_quantities_mod.f90
  preprocess Finished successfully.

 --------------------------------------
 Finished ... at YYYY MM DD HH MM SS = 
                 2024  3 14 20  0 14
 Program preprocess
 --------------------------------------


 --------------------------------------
 Starting ... at YYYY MM DD HH MM SS = 
                 2024  3 14 20  1 39
 Program preprocess
 --------------------------------------

  set_nml_output Echo NML values to log file only
 Path names of default obs_def and obs_qty modules
 ../../../observations/forward_operators/DEFAULT_obs_def_mod.F90
 ../../../assimilation_code/modules/observations/DEFAULT_obs_kind_mod.F90
 Path names of output obs_def and obs_qty modules
 ../../../observations/forward_operators/obs_def_mod.f90
 ../../../assimilation_code/modules/observations/obs_kind_mod.f90
 INPUT obs_def files:
 ../../../observations/forward_operators/obs_def_land_mod.f90
 ../../../observations/forward_operators/obs_def_tower_mod.f90
 INPUT quantity files:
 ../../../assimilation_code/modules/observations/land_quantities_mod.f90
  preprocess Finished successfully.

 --------------------------------------
 Finished ... at YYYY MM DD HH MM SS = 
                 2024  3 14 20  1 39
 Program preprocess
 --------------------------------------


 --------------------------------------
 Starting ... at YYYY MM DD HH MM SS = 
                 2024  3 14 20  4  1
 Program preprocess
 --------------------------------------

  set_nml_output Echo NML values to log file only
 Path names of default obs_def and obs_qty modules
 ../../../observations/forward_operators/DEFAULT_obs_def_mod.F90
 ../../../assimilation_code/modules/observations/DEFAULT_obs_kind_mod.F90
 Path names of output obs_def and obs_qty modules
 ../../../observations/forward_operators/obs_def_mod.f90
 ../../../assimilation_code/modules/observations/obs_kind_mod.f90
 INPUT obs_def files:
 ../../../observations/forward_operators/obs_def_land_mod.f90
 ../../../observations/forward_operators/obs_def_tower_mod.f90
 INPUT quantity files:
 ../../../assimilation_code/modules/observations/land_quantities_mod.f90
  preprocess Finished successfully.

 --------------------------------------
 Finished ... at YYYY MM DD HH MM SS = 
                 2024  3 14 20  4  1
 Program preprocess
 --------------------------------------


 --------------------------------------
 Starting ... at YYYY MM DD HH MM SS = 
                 2024  3 14 20  6 43
 Program preprocess
 --------------------------------------

  set_nml_output Echo NML values to log file only
 Path names of default obs_def and obs_qty modules
 ../../../observations/forward_operators/DEFAULT_obs_def_mod.F90
 ../../../assimilation_code/modules/observations/DEFAULT_obs_kind_mod.F90
 Path names of output obs_def and obs_qty modules
 ../../../observations/forward_operators/obs_def_mod.f90
 ../../../assimilation_code/modules/observations/obs_kind_mod.f90
 INPUT obs_def files:
 ../../../observations/forward_operators/obs_def_land_mod.f90
 ../../../observations/forward_operators/obs_def_tower_mod.f90
 INPUT quantity files:
 ../../../assimilation_code/modules/observations/land_quantities_mod.f90
  preprocess Finished successfully.

 --------------------------------------
 Finished ... at YYYY MM DD HH MM SS = 
                 2024  3 14 20  6 43
 Program preprocess
 --------------------------------------


 --------------------------------------
 Starting ... at YYYY MM DD HH MM SS = 
                 2024  3 14 20 13 16
 Program preprocess
 --------------------------------------

  set_nml_output Echo NML values to log file only
 Path names of default obs_def and obs_qty modules
 ../../../observations/forward_operators/DEFAULT_obs_def_mod.F90
 ../../../assimilation_code/modules/observations/DEFAULT_obs_kind_mod.F90
 Path names of output obs_def and obs_qty modules
 ../../../observations/forward_operators/obs_def_mod.f90
 ../../../assimilation_code/modules/observations/obs_kind_mod.f90
 INPUT obs_def files:
 ../../../observations/forward_operators/obs_def_land_mod.f90
 ../../../observations/forward_operators/obs_def_tower_mod.f90
 INPUT quantity files:
 ../../../assimilation_code/modules/observations/land_quantities_mod.f90
  preprocess Finished successfully.

 --------------------------------------
 Finished ... at YYYY MM DD HH MM SS = 
                 2024  3 14 20 13 16
 Program preprocess
 --------------------------------------


 --------------------------------------
 Starting ... at YYYY MM DD HH MM SS = 
                 2024  3 14 20 22 33
 Program model_mod_check
 --------------------------------------

  set_nml_output Echo NML values to log file only
 PE 0: initialize_mpi_utilities:  Running with            1  MPI processes.

 --------------------------------------
 Starting ... at YYYY MM DD HH MM SS = 
                 2024  3 14 20 25 31
 Program preprocess
 --------------------------------------

  set_nml_output Echo NML values to log file only
 Path names of default obs_def and obs_qty modules
 ../../../observations/forward_operators/DEFAULT_obs_def_mod.F90
 ../../../assimilation_code/modules/observations/DEFAULT_obs_kind_mod.F90
 Path names of output obs_def and obs_qty modules
 ../../../observations/forward_operators/obs_def_mod.f90
 ../../../assimilation_code/modules/observations/obs_kind_mod.f90
 INPUT obs_def files:
 ../../../observations/forward_operators/obs_def_land_mod.f90
 ../../../observations/forward_operators/obs_def_tower_mod.f90
 INPUT quantity files:
 ../../../assimilation_code/modules/observations/land_quantities_mod.f90
  preprocess Finished successfully.

 --------------------------------------
 Finished ... at YYYY MM DD HH MM SS = 
                 2024  3 14 20 25 31
 Program preprocess
 --------------------------------------


 --------------------------------------
 Starting ... at YYYY MM DD HH MM SS = 
                 2024  3 14 20 27 34
 Program preprocess
 --------------------------------------

  set_nml_output Echo NML values to log file only
 Path names of default obs_def and obs_qty modules
 ../../../observations/forward_operators/DEFAULT_obs_def_mod.F90
 ../../../assimilation_code/modules/observations/DEFAULT_obs_kind_mod.F90
 Path names of output obs_def and obs_qty modules
 ../../../observations/forward_operators/obs_def_mod.f90
 ../../../assimilation_code/modules/observations/obs_kind_mod.f90
 INPUT obs_def files:
 ../../../observations/forward_operators/obs_def_land_mod.f90
 ../../../observations/forward_operators/obs_def_tower_mod.f90
 INPUT quantity files:
 ../../../assimilation_code/modules/observations/land_quantities_mod.f90
  preprocess Finished successfully.

 --------------------------------------
 Finished ... at YYYY MM DD HH MM SS = 
                 2024  3 14 20 27 34
 Program preprocess
 --------------------------------------


 --------------------------------------
 Starting ... at YYYY MM DD HH MM SS = 
                 2024  3 14 20 42 43
 Program preprocess
 --------------------------------------

  set_nml_output Echo NML values to log file only
 Path names of default obs_def and obs_qty modules
 ../../../observations/forward_operators/DEFAULT_obs_def_mod.F90
 ../../../assimilation_code/modules/observations/DEFAULT_obs_kind_mod.F90
 Path names of output obs_def and obs_qty modules
 ../../../observations/forward_operators/obs_def_mod.f90
 ../../../assimilation_code/modules/observations/obs_kind_mod.f90
 INPUT obs_def files:
 ../../../observations/forward_operators/obs_def_land_mod.f90
 ../../../observations/forward_operators/obs_def_tower_mod.f90
 INPUT quantity files:
 ../../../assimilation_code/modules/observations/land_quantities_mod.f90
  preprocess Finished successfully.

 --------------------------------------
 Finished ... at YYYY MM DD HH MM SS = 
                 2024  3 14 20 42 43
 Program preprocess
 --------------------------------------


 --------------------------------------
 Starting ... at YYYY MM DD HH MM SS = 
                 2024  3 19 19 37 14
 Program preprocess
 --------------------------------------

  set_nml_output Echo NML values to log file only
 Path names of default obs_def and obs_qty modules
 ../../../observations/forward_operators/DEFAULT_obs_def_mod.F90
 ../../../assimilation_code/modules/observations/DEFAULT_obs_kind_mod.F90
 Path names of output obs_def and obs_qty modules
 ../../../observations/forward_operators/obs_def_mod.f90
 ../../../assimilation_code/modules/observations/obs_kind_mod.f90
 INPUT obs_def files:
 ../../../observations/forward_operators/obs_def_land_mod.f90
 ../../../observations/forward_operators/obs_def_tower_mod.f90
 INPUT quantity files:
 ../../../assimilation_code/modules/observations/land_quantities_mod.f90
  preprocess Finished successfully.

 --------------------------------------
 Finished ... at YYYY MM DD HH MM SS = 
                 2024  3 19 19 37 14
 Program preprocess
 --------------------------------------


 --------------------------------------
 Starting ... at YYYY MM DD HH MM SS = 
                 2024  3 19 19 39 36
 Program preprocess
 --------------------------------------

  set_nml_output Echo NML values to log file only
 Path names of default obs_def and obs_qty modules
 ../../../observations/forward_operators/DEFAULT_obs_def_mod.F90
 ../../../assimilation_code/modules/observations/DEFAULT_obs_kind_mod.F90
 Path names of output obs_def and obs_qty modules
 ../../../observations/forward_operators/obs_def_mod.f90
 ../../../assimilation_code/modules/observations/obs_kind_mod.f90
 INPUT obs_def files:
 ../../../observations/forward_operators/obs_def_land_mod.f90
 ../../../observations/forward_operators/obs_def_tower_mod.f90
 INPUT quantity files:
 ../../../assimilation_code/modules/observations/land_quantities_mod.f90
  preprocess Finished successfully.

 --------------------------------------
 Finished ... at YYYY MM DD HH MM SS = 
                 2024  3 19 19 39 36
 Program preprocess
 --------------------------------------


 --------------------------------------
 Starting ... at YYYY MM DD HH MM SS = 
                 2024  3 19 19 40 55
 Program preprocess
 --------------------------------------

  set_nml_output Echo NML values to log file only
 Path names of default obs_def and obs_qty modules
 ../../../observations/forward_operators/DEFAULT_obs_def_mod.F90
 ../../../assimilation_code/modules/observations/DEFAULT_obs_kind_mod.F90
 Path names of output obs_def and obs_qty modules
 ../../../observations/forward_operators/obs_def_mod.f90
 ../../../assimilation_code/modules/observations/obs_kind_mod.f90
 INPUT obs_def files:
 ../../../observations/forward_operators/obs_def_land_mod.f90
 ../../../observations/forward_operators/obs_def_tower_mod.f90
 INPUT quantity files:
 ../../../assimilation_code/modules/observations/land_quantities_mod.f90
  preprocess Finished successfully.

 --------------------------------------
 Finished ... at YYYY MM DD HH MM SS = 
                 2024  3 19 19 40 55
 Program preprocess
 --------------------------------------


 --------------------------------------
 Starting ... at YYYY MM DD HH MM SS = 
                 2024  3 19 19 42 38
 Program preprocess
 --------------------------------------

  set_nml_output Echo NML values to log file only
 Path names of default obs_def and obs_qty modules
 ../../../observations/forward_operators/DEFAULT_obs_def_mod.F90
 ../../../assimilation_code/modules/observations/DEFAULT_obs_kind_mod.F90
 Path names of output obs_def and obs_qty modules
 ../../../observations/forward_operators/obs_def_mod.f90
 ../../../assimilation_code/modules/observations/obs_kind_mod.f90
 INPUT obs_def files:
 ../../../observations/forward_operators/obs_def_land_mod.f90
 ../../../observations/forward_operators/obs_def_tower_mod.f90
 INPUT quantity files:
 ../../../assimilation_code/modules/observations/land_quantities_mod.f90
  preprocess Finished successfully.

 --------------------------------------
 Finished ... at YYYY MM DD HH MM SS = 
                 2024  3 19 19 42 38
 Program preprocess
 --------------------------------------


 --------------------------------------
 Starting ... at YYYY MM DD HH MM SS = 
                 2024  3 19 20  7 12
 Program model_mod_check
 --------------------------------------

  set_nml_output Echo NML values to log file only
 PE 0: initialize_mpi_utilities:  Running with            1  MPI processes.
 
 Assimilate_these_obs_types:
    SOIL_TEMPERATURE
    TOWER_NETC_ECO_EXCHANGE
    MODIS_LEAF_AREA_INDEX
 Evaluate_these_obs_types:
    none
 Use the precomputed Prior Forward Operators for these obs types:
    none
 
 PE 0: location_mod: using code with optimized cutoffs
 PE 0: location_mod: Ignoring vertical separation when computing distances; horizontal distances only

 --------------------------------------
 Finished ... at YYYY MM DD HH MM SS = 
                 2024  3 19 20  7 12
 Program model_mod_check
 --------------------------------------


 --------------------------------------
 Starting ... at YYYY MM DD HH MM SS = 
                 2024  3 22 14 31 41
 Program preprocess
 --------------------------------------

  set_nml_output Echo NML values to log file only
 Path names of default obs_def and obs_qty modules
 ../../../observations/forward_operators/DEFAULT_obs_def_mod.F90
 ../../../assimilation_code/modules/observations/DEFAULT_obs_kind_mod.F90
 Path names of output obs_def and obs_qty modules
 ../../../observations/forward_operators/obs_def_mod.f90
 ../../../assimilation_code/modules/observations/obs_kind_mod.f90
 INPUT obs_def files:
 ../../../observations/forward_operators/obs_def_land_mod.f90
 ../../../observations/forward_operators/obs_def_tower_mod.f90
 INPUT quantity files:
 ../../../assimilation_code/modules/observations/land_quantities_mod.f90
  preprocess Finished successfully.

 --------------------------------------
 Finished ... at YYYY MM DD HH MM SS = 
                 2024  3 22 14 31 41
 Program preprocess
 --------------------------------------


 --------------------------------------
 Starting ... at YYYY MM DD HH MM SS = 
                 2024  3 22 14 33 45
 Program preprocess
 --------------------------------------

  set_nml_output Echo NML values to log file only
 Path names of default obs_def and obs_qty modules
 ../../../observations/forward_operators/DEFAULT_obs_def_mod.F90
 ../../../assimilation_code/modules/observations/DEFAULT_obs_kind_mod.F90
 Path names of output obs_def and obs_qty modules
 ../../../observations/forward_operators/obs_def_mod.f90
 ../../../assimilation_code/modules/observations/obs_kind_mod.f90
 INPUT obs_def files:
 ../../../observations/forward_operators/obs_def_land_mod.f90
 ../../../observations/forward_operators/obs_def_tower_mod.f90
 INPUT quantity files:
 ../../../assimilation_code/modules/observations/land_quantities_mod.f90
  preprocess Finished successfully.

 --------------------------------------
 Finished ... at YYYY MM DD HH MM SS = 
                 2024  3 22 14 33 45
 Program preprocess
 --------------------------------------


 --------------------------------------
 Starting ... at YYYY MM DD HH MM SS = 
                 2024  3 22 14 35  9
 Program model_mod_check
 --------------------------------------

  set_nml_output Echo NML values to log file only
 PE 0: initialize_mpi_utilities:  Running with            1  MPI processes.
 
 Assimilate_these_obs_types:
    SOIL_TEMPERATURE
    TOWER_NETC_ECO_EXCHANGE
    MODIS_LEAF_AREA_INDEX
 Evaluate_these_obs_types:
    none
 Use the precomputed Prior Forward Operators for these obs types:
    none
 
 PE 0: location_mod: using code with optimized cutoffs
 PE 0: location_mod: Ignoring vertical separation when computing distances; horizontal distances only

 --------------------------------------
 Finished ... at YYYY MM DD HH MM SS = 
                 2024  3 22 14 35 10
 Program model_mod_check
 --------------------------------------


 --------------------------------------
 Starting ... at YYYY MM DD HH MM SS = 
                 2024  3 22 14 50 25
 Program model_mod_check
 --------------------------------------

  set_nml_output Echo NML values to log file only
 PE 0: initialize_mpi_utilities:  Running with            1  MPI processes.
 
 Assimilate_these_obs_types:
    SOIL_TEMPERATURE
    TOWER_NETC_ECO_EXCHANGE
    MODIS_LEAF_AREA_INDEX
 Evaluate_these_obs_types:
    none
 Use the precomputed Prior Forward Operators for these obs types:
    none
 
 PE 0: location_mod: using code with optimized cutoffs
 PE 0: location_mod: Ignoring vertical separation when computing distances; horizontal distances only

 --------------------------------------
 Finished ... at YYYY MM DD HH MM SS = 
                 2024  3 22 14 50 25
 Program model_mod_check
 --------------------------------------


 --------------------------------------
 Starting ... at YYYY MM DD HH MM SS = 
                 2024  3 22 15 55 32
 Program model_mod_check
 --------------------------------------

  set_nml_output Echo NML values to log file only
 PE 0: initialize_mpi_utilities:  Running with            1  MPI processes.
 
 Assimilate_these_obs_types:
    SOIL_TEMPERATURE
    TOWER_NETC_ECO_EXCHANGE
    MODIS_LEAF_AREA_INDEX
 Evaluate_these_obs_types:
    none
 Use the precomputed Prior Forward Operators for these obs types:
    none
 
 PE 0: location_mod: using code with optimized cutoffs
 PE 0: location_mod: Ignoring vertical separation when computing distances; horizontal distances only

 --------------------------------------
 Finished ... at YYYY MM DD HH MM SS = 
                 2024  3 22 15 55 32
 Program model_mod_check
 --------------------------------------


 --------------------------------------
 Starting ... at YYYY MM DD HH MM SS = 
                 2024  3 22 16 11 31
 Program model_mod_check
 --------------------------------------

  set_nml_output Echo NML values to log file only
 PE 0: initialize_mpi_utilities:  Running with            1  MPI processes.
 
 Assimilate_these_obs_types:
    SOIL_TEMPERATURE
    TOWER_NETC_ECO_EXCHANGE
    MODIS_LEAF_AREA_INDEX
 Evaluate_these_obs_types:
    none
 Use the precomputed Prior Forward Operators for these obs types:
    none
 
 PE 0: location_mod: using code with optimized cutoffs
 PE 0: location_mod: Ignoring vertical separation when computing distances; horizontal distances only

 --------------------------------------
 Finished ... at YYYY MM DD HH MM SS = 
                 2024  3 22 16 11 31
 Program model_mod_check
 --------------------------------------


 --------------------------------------
 Starting ... at YYYY MM DD HH MM SS = 
                 2024  3 22 16 22 57
 Program model_mod_check
 --------------------------------------

  set_nml_output Echo NML values to log file only
 PE 0: initialize_mpi_utilities:  Running with            1  MPI processes.
 
 Assimilate_these_obs_types:
    SOIL_TEMPERATURE
    TOWER_NETC_ECO_EXCHANGE
    MODIS_LEAF_AREA_INDEX
 Evaluate_these_obs_types:
    none
 Use the precomputed Prior Forward Operators for these obs types:
    none
 
 PE 0: location_mod: using code with optimized cutoffs
 PE 0: location_mod: Ignoring vertical separation when computing distances; horizontal distances only

 --------------------------------------
 Finished ... at YYYY MM DD HH MM SS = 
                 2024  3 22 16 22 57
 Program model_mod_check
 --------------------------------------


 --------------------------------------
 Starting ... at YYYY MM DD HH MM SS = 
                 2024  3 22 19 31 12
 Program model_mod_check
 --------------------------------------

  set_nml_output Echo NML values to log file only
 PE 0: initialize_mpi_utilities:  Running with            1  MPI processes.
 
 Assimilate_these_obs_types:
    SOIL_TEMPERATURE
    TOWER_NETC_ECO_EXCHANGE
    MODIS_LEAF_AREA_INDEX
 Evaluate_these_obs_types:
    none
 Use the precomputed Prior Forward Operators for these obs types:
    none
 
 PE 0: location_mod: using code with optimized cutoffs
 PE 0: location_mod: Ignoring vertical separation when computing distances; horizontal distances only

 --------------------------------------
 Finished ... at YYYY MM DD HH MM SS = 
                 2024  3 22 19 31 12
 Program model_mod_check
 --------------------------------------


 --------------------------------------
 Starting ... at YYYY MM DD HH MM SS = 
                 2024  3 22 19 33 57
 Program preprocess
 --------------------------------------

  set_nml_output Echo NML values to log file only
 Path names of default obs_def and obs_qty modules
 ../../../observations/forward_operators/DEFAULT_obs_def_mod.F90
 ../../../assimilation_code/modules/observations/DEFAULT_obs_kind_mod.F90
 Path names of output obs_def and obs_qty modules
 ../../../observations/forward_operators/obs_def_mod.f90
 ../../../assimilation_code/modules/observations/obs_kind_mod.f90
 INPUT obs_def files:
 ../../../observations/forward_operators/obs_def_land_mod.f90
 ../../../observations/forward_operators/obs_def_tower_mod.f90
 INPUT quantity files:
 ../../../assimilation_code/modules/observations/land_quantities_mod.f90
  preprocess Finished successfully.

 --------------------------------------
 Finished ... at YYYY MM DD HH MM SS = 
                 2024  3 22 19 33 57
 Program preprocess
 --------------------------------------


 --------------------------------------
 Starting ... at YYYY MM DD HH MM SS = 
                 2024  3 22 19 35  5
 Program model_mod_check
 --------------------------------------

  set_nml_output Echo NML values to log file only
 PE 0: initialize_mpi_utilities:  Running with            1  MPI processes.
 
 Assimilate_these_obs_types:
    SOIL_TEMPERATURE
    TOWER_NETC_ECO_EXCHANGE
    MODIS_LEAF_AREA_INDEX
 Evaluate_these_obs_types:
    none
 Use the precomputed Prior Forward Operators for these obs types:
    none
 
 PE 0: location_mod: using code with optimized cutoffs
 PE 0: location_mod: Ignoring vertical separation when computing distances; horizontal distances only

 --------------------------------------
 Finished ... at YYYY MM DD HH MM SS = 
                 2024  3 22 19 35  5
 Program model_mod_check
 --------------------------------------


 --------------------------------------
 Starting ... at YYYY MM DD HH MM SS = 
                 2024  3 22 20 53  0
 Program preprocess
 --------------------------------------

  set_nml_output Echo NML values to log file only
 Path names of default obs_def and obs_qty modules
 ../../../observations/forward_operators/DEFAULT_obs_def_mod.F90
 ../../../assimilation_code/modules/observations/DEFAULT_obs_kind_mod.F90
 Path names of output obs_def and obs_qty modules
 ../../../observations/forward_operators/obs_def_mod.f90
 ../../../assimilation_code/modules/observations/obs_kind_mod.f90
 INPUT obs_def files:
 ../../../observations/forward_operators/obs_def_land_mod.f90
 ../../../observations/forward_operators/obs_def_tower_mod.f90
 INPUT quantity files:
 ../../../assimilation_code/modules/observations/land_quantities_mod.f90
  preprocess Finished successfully.

 --------------------------------------
 Finished ... at YYYY MM DD HH MM SS = 
                 2024  3 22 20 53  0
 Program preprocess
 --------------------------------------


 --------------------------------------
 Starting ... at YYYY MM DD HH MM SS = 
                 2024  3 22 20 55  6
 Program preprocess
 --------------------------------------

  set_nml_output Echo NML values to log file only
 Path names of default obs_def and obs_qty modules
 ../../../observations/forward_operators/DEFAULT_obs_def_mod.F90
 ../../../assimilation_code/modules/observations/DEFAULT_obs_kind_mod.F90
 Path names of output obs_def and obs_qty modules
 ../../../observations/forward_operators/obs_def_mod.f90
 ../../../assimilation_code/modules/observations/obs_kind_mod.f90
 INPUT obs_def files:
 ../../../observations/forward_operators/obs_def_land_mod.f90
 ../../../observations/forward_operators/obs_def_tower_mod.f90
 INPUT quantity files:
 ../../../assimilation_code/modules/observations/land_quantities_mod.f90
  preprocess Finished successfully.

 --------------------------------------
 Finished ... at YYYY MM DD HH MM SS = 
                 2024  3 22 20 55  6
 Program preprocess
 --------------------------------------


 --------------------------------------
 Starting ... at YYYY MM DD HH MM SS = 
                 2024  3 22 20 59 45
 Program preprocess
 --------------------------------------

  set_nml_output Echo NML values to log file only
 Path names of default obs_def and obs_qty modules
 ../../../observations/forward_operators/DEFAULT_obs_def_mod.F90
 ../../../assimilation_code/modules/observations/DEFAULT_obs_kind_mod.F90
 Path names of output obs_def and obs_qty modules
 ../../../observations/forward_operators/obs_def_mod.f90
 ../../../assimilation_code/modules/observations/obs_kind_mod.f90
 INPUT obs_def files:
 ../../../observations/forward_operators/obs_def_land_mod.f90
 ../../../observations/forward_operators/obs_def_tower_mod.f90
 INPUT quantity files:
 ../../../assimilation_code/modules/observations/land_quantities_mod.f90
  preprocess Finished successfully.

 --------------------------------------
 Finished ... at YYYY MM DD HH MM SS = 
                 2024  3 22 20 59 45
 Program preprocess
 --------------------------------------


 --------------------------------------
 Starting ... at YYYY MM DD HH MM SS = 
                 2024  3 22 21  2 41
 Program preprocess
 --------------------------------------

  set_nml_output Echo NML values to log file only
 Path names of default obs_def and obs_qty modules
 ../../../observations/forward_operators/DEFAULT_obs_def_mod.F90
 ../../../assimilation_code/modules/observations/DEFAULT_obs_kind_mod.F90
 Path names of output obs_def and obs_qty modules
 ../../../observations/forward_operators/obs_def_mod.f90
 ../../../assimilation_code/modules/observations/obs_kind_mod.f90
 INPUT obs_def files:
 ../../../observations/forward_operators/obs_def_land_mod.f90
 ../../../observations/forward_operators/obs_def_tower_mod.f90
 INPUT quantity files:
 ../../../assimilation_code/modules/observations/land_quantities_mod.f90
  preprocess Finished successfully.

 --------------------------------------
 Finished ... at YYYY MM DD HH MM SS = 
                 2024  3 22 21  2 41
 Program preprocess
 --------------------------------------


 --------------------------------------
 Starting ... at YYYY MM DD HH MM SS = 
                 2024  3 22 21  3 44
 Program model_mod_check
 --------------------------------------

  set_nml_output Echo NML values to log file only
 PE 0: initialize_mpi_utilities:  Running with            1  MPI processes.
 
 Assimilate_these_obs_types:
    SOIL_TEMPERATURE
    TOWER_NETC_ECO_EXCHANGE
    MODIS_LEAF_AREA_INDEX
 Evaluate_these_obs_types:
    none
 Use the precomputed Prior Forward Operators for these obs types:
    none
 
 PE 0: location_mod: using code with optimized cutoffs
 PE 0: location_mod: Ignoring vertical separation when computing distances; horizontal distances only

 --------------------------------------
 Finished ... at YYYY MM DD HH MM SS = 
                 2024  3 22 21  3 44
 Program model_mod_check
 --------------------------------------


 --------------------------------------
 Starting ... at YYYY MM DD HH MM SS = 
                 2024  3 22 21 15 29
 Program preprocess
 --------------------------------------

  set_nml_output Echo NML values to log file only
 Path names of default obs_def and obs_qty modules
 ../../../observations/forward_operators/DEFAULT_obs_def_mod.F90
 ../../../assimilation_code/modules/observations/DEFAULT_obs_kind_mod.F90
 Path names of output obs_def and obs_qty modules
 ../../../observations/forward_operators/obs_def_mod.f90
 ../../../assimilation_code/modules/observations/obs_kind_mod.f90
 INPUT obs_def files:
 ../../../observations/forward_operators/obs_def_land_mod.f90
 ../../../observations/forward_operators/obs_def_tower_mod.f90
 INPUT quantity files:
 ../../../assimilation_code/modules/observations/land_quantities_mod.f90
  preprocess Finished successfully.

 --------------------------------------
 Finished ... at YYYY MM DD HH MM SS = 
                 2024  3 22 21 15 29
 Program preprocess
 --------------------------------------


 --------------------------------------
 Starting ... at YYYY MM DD HH MM SS = 
                 2024  3 22 21 19 57
 Program model_mod_check
 --------------------------------------

  set_nml_output Echo NML values to log file only
 PE 0: initialize_mpi_utilities:  Running with            1  MPI processes.
 
 Assimilate_these_obs_types:
    SOIL_TEMPERATURE
    TOWER_NETC_ECO_EXCHANGE
    MODIS_LEAF_AREA_INDEX
 Evaluate_these_obs_types:
    none
 Use the precomputed Prior Forward Operators for these obs types:
    none
 
 PE 0: location_mod: using code with optimized cutoffs
 PE 0: location_mod: Ignoring vertical separation when computing distances; horizontal distances only

 --------------------------------------
 Finished ... at YYYY MM DD HH MM SS = 
                 2024  3 22 21 19 57
 Program model_mod_check
 --------------------------------------


 --------------------------------------
 Starting ... at YYYY MM DD HH MM SS = 
                 2024  3 22 21 23 27
 Program preprocess
 --------------------------------------

  set_nml_output Echo NML values to log file only
 Path names of default obs_def and obs_qty modules
 ../../../observations/forward_operators/DEFAULT_obs_def_mod.F90
 ../../../assimilation_code/modules/observations/DEFAULT_obs_kind_mod.F90
 Path names of output obs_def and obs_qty modules
 ../../../observations/forward_operators/obs_def_mod.f90
 ../../../assimilation_code/modules/observations/obs_kind_mod.f90
 INPUT obs_def files:
 ../../../observations/forward_operators/obs_def_land_mod.f90
 ../../../observations/forward_operators/obs_def_tower_mod.f90
 INPUT quantity files:
 ../../../assimilation_code/modules/observations/land_quantities_mod.f90
  preprocess Finished successfully.

 --------------------------------------
 Finished ... at YYYY MM DD HH MM SS = 
                 2024  3 22 21 23 27
 Program preprocess
 --------------------------------------


 --------------------------------------
 Starting ... at YYYY MM DD HH MM SS = 
                 2024  3 22 21 28 20
 Program model_mod_check
 --------------------------------------

  set_nml_output Echo NML values to log file only
 PE 0: initialize_mpi_utilities:  Running with            1  MPI processes.
 
 Assimilate_these_obs_types:
    SOIL_TEMPERATURE
    TOWER_NETC_ECO_EXCHANGE
    MODIS_LEAF_AREA_INDEX
 Evaluate_these_obs_types:
    none
 Use the precomputed Prior Forward Operators for these obs types:
    none
 
 PE 0: location_mod: using code with optimized cutoffs
 PE 0: location_mod: Ignoring vertical separation when computing distances; horizontal distances only

 --------------------------------------
 Finished ... at YYYY MM DD HH MM SS = 
                 2024  3 22 21 28 20
 Program model_mod_check
 --------------------------------------


 --------------------------------------
 Starting ... at YYYY MM DD HH MM SS = 
                 2024  3 25 15  0 55
 Program model_mod_check
 --------------------------------------

  set_nml_output Echo NML values to log file only
 PE 0: initialize_mpi_utilities:  Running with            1  MPI processes.
 
 Assimilate_these_obs_types:
    SOIL_TEMPERATURE
    TOWER_NETC_ECO_EXCHANGE
    MODIS_LEAF_AREA_INDEX
 Evaluate_these_obs_types:
    none
 Use the precomputed Prior Forward Operators for these obs types:
    none
 
 PE 0: location_mod: using code with optimized cutoffs
 PE 0: location_mod: Ignoring vertical separation when computing distances; horizontal distances only

 --------------------------------------
 Finished ... at YYYY MM DD HH MM SS = 
                 2024  3 25 15  0 55
 Program model_mod_check
 --------------------------------------


 --------------------------------------
 Starting ... at YYYY MM DD HH MM SS = 
                 2024  3 25 18 26 14
 Program model_mod_check
 --------------------------------------

  set_nml_output Echo NML values to log file only
 PE 0: initialize_mpi_utilities:  Running with            1  MPI processes.
 
 Assimilate_these_obs_types:
    SOIL_TEMPERATURE
    TOWER_NETC_ECO_EXCHANGE
    MODIS_LEAF_AREA_INDEX
 Evaluate_these_obs_types:
    none
 Use the precomputed Prior Forward Operators for these obs types:
    none
 
 PE 0: location_mod: using code with optimized cutoffs
 PE 0: location_mod: Ignoring vertical separation when computing distances; horizontal distances only

 --------------------------------------
 Finished ... at YYYY MM DD HH MM SS = 
                 2024  3 25 18 26 14
 Program model_mod_check
 --------------------------------------


 --------------------------------------
 Starting ... at YYYY MM DD HH MM SS = 
                 2024  3 25 19 24 40
 Program preprocess
 --------------------------------------

  set_nml_output Echo NML values to log file only
 Path names of default obs_def and obs_qty modules
 ../../../observations/forward_operators/DEFAULT_obs_def_mod.F90
 ../../../assimilation_code/modules/observations/DEFAULT_obs_kind_mod.F90
 Path names of output obs_def and obs_qty modules
 ../../../observations/forward_operators/obs_def_mod.f90
 ../../../assimilation_code/modules/observations/obs_kind_mod.f90
 INPUT obs_def files:
 ../../../observations/forward_operators/obs_def_land_mod.f90
 ../../../observations/forward_operators/obs_def_tower_mod.f90
 INPUT quantity files:
 ../../../assimilation_code/modules/observations/land_quantities_mod.f90
  preprocess Finished successfully.

 --------------------------------------
 Finished ... at YYYY MM DD HH MM SS = 
                 2024  3 25 19 24 40
 Program preprocess
 --------------------------------------


 --------------------------------------
 Starting ... at YYYY MM DD HH MM SS = 
                 2024  3 25 19 26 15
 Program preprocess
 --------------------------------------

  set_nml_output Echo NML values to log file only
 Path names of default obs_def and obs_qty modules
 ../../../observations/forward_operators/DEFAULT_obs_def_mod.F90
 ../../../assimilation_code/modules/observations/DEFAULT_obs_kind_mod.F90
 Path names of output obs_def and obs_qty modules
 ../../../observations/forward_operators/obs_def_mod.f90
 ../../../assimilation_code/modules/observations/obs_kind_mod.f90
 INPUT obs_def files:
 ../../../observations/forward_operators/obs_def_land_mod.f90
 ../../../observations/forward_operators/obs_def_tower_mod.f90
 INPUT quantity files:
 ../../../assimilation_code/modules/observations/land_quantities_mod.f90
  preprocess Finished successfully.

 --------------------------------------
 Finished ... at YYYY MM DD HH MM SS = 
                 2024  3 25 19 26 15
 Program preprocess
 --------------------------------------


 --------------------------------------
 Starting ... at YYYY MM DD HH MM SS = 
                 2024  3 25 19 28 23
 Program preprocess
 --------------------------------------

  set_nml_output Echo NML values to log file only
 Path names of default obs_def and obs_qty modules
 ../../../observations/forward_operators/DEFAULT_obs_def_mod.F90
 ../../../assimilation_code/modules/observations/DEFAULT_obs_kind_mod.F90
 Path names of output obs_def and obs_qty modules
 ../../../observations/forward_operators/obs_def_mod.f90
 ../../../assimilation_code/modules/observations/obs_kind_mod.f90
 INPUT obs_def files:
 ../../../observations/forward_operators/obs_def_land_mod.f90
 ../../../observations/forward_operators/obs_def_tower_mod.f90
 INPUT quantity files:
 ../../../assimilation_code/modules/observations/land_quantities_mod.f90
  preprocess Finished successfully.

 --------------------------------------
 Finished ... at YYYY MM DD HH MM SS = 
                 2024  3 25 19 28 23
 Program preprocess
 --------------------------------------


 --------------------------------------
 Starting ... at YYYY MM DD HH MM SS = 
                 2024  3 25 19 32  2
 Program preprocess
 --------------------------------------

  set_nml_output Echo NML values to log file only
 Path names of default obs_def and obs_qty modules
 ../../../observations/forward_operators/DEFAULT_obs_def_mod.F90
 ../../../assimilation_code/modules/observations/DEFAULT_obs_kind_mod.F90
 Path names of output obs_def and obs_qty modules
 ../../../observations/forward_operators/obs_def_mod.f90
 ../../../assimilation_code/modules/observations/obs_kind_mod.f90
 INPUT obs_def files:
 ../../../observations/forward_operators/obs_def_land_mod.f90
 ../../../observations/forward_operators/obs_def_tower_mod.f90
 INPUT quantity files:
 ../../../assimilation_code/modules/observations/land_quantities_mod.f90
  preprocess Finished successfully.

 --------------------------------------
 Finished ... at YYYY MM DD HH MM SS = 
                 2024  3 25 19 32  2
 Program preprocess
 --------------------------------------


 --------------------------------------
 Starting ... at YYYY MM DD HH MM SS = 
                 2024  3 25 19 45 39
 Program preprocess
 --------------------------------------

  set_nml_output Echo NML values to log file only
 Path names of default obs_def and obs_qty modules
 ../../../observations/forward_operators/DEFAULT_obs_def_mod.F90
 ../../../assimilation_code/modules/observations/DEFAULT_obs_kind_mod.F90
 Path names of output obs_def and obs_qty modules
 ../../../observations/forward_operators/obs_def_mod.f90
 ../../../assimilation_code/modules/observations/obs_kind_mod.f90
 INPUT obs_def files:
 ../../../observations/forward_operators/obs_def_land_mod.f90
 ../../../observations/forward_operators/obs_def_tower_mod.f90
 INPUT quantity files:
 ../../../assimilation_code/modules/observations/land_quantities_mod.f90
  preprocess Finished successfully.

 --------------------------------------
 Finished ... at YYYY MM DD HH MM SS = 
                 2024  3 25 19 45 39
 Program preprocess
 --------------------------------------


 --------------------------------------
 Starting ... at YYYY MM DD HH MM SS = 
                 2024  3 25 19 47  9
 Program model_mod_check
 --------------------------------------

  set_nml_output Echo NML values to log file only
 PE 0: initialize_mpi_utilities:  Running with            1  MPI processes.
 
 Assimilate_these_obs_types:
    SOIL_TEMPERATURE
    TOWER_NETC_ECO_EXCHANGE
    MODIS_LEAF_AREA_INDEX
 Evaluate_these_obs_types:
    none
 Use the precomputed Prior Forward Operators for these obs types:
    none
 
 PE 0: location_mod: using code with optimized cutoffs
 PE 0: location_mod: Ignoring vertical separation when computing distances; horizontal distances only

 --------------------------------------
 Finished ... at YYYY MM DD HH MM SS = 
                 2024  3 25 19 47 10
 Program model_mod_check
 --------------------------------------


 --------------------------------------
 Starting ... at YYYY MM DD HH MM SS = 
                 2024  3 25 19 50 53
 Program preprocess
 --------------------------------------

  set_nml_output Echo NML values to log file only
 Path names of default obs_def and obs_qty modules
 ../../../observations/forward_operators/DEFAULT_obs_def_mod.F90
 ../../../assimilation_code/modules/observations/DEFAULT_obs_kind_mod.F90
 Path names of output obs_def and obs_qty modules
 ../../../observations/forward_operators/obs_def_mod.f90
 ../../../assimilation_code/modules/observations/obs_kind_mod.f90
 INPUT obs_def files:
 ../../../observations/forward_operators/obs_def_land_mod.f90
 ../../../observations/forward_operators/obs_def_tower_mod.f90
 INPUT quantity files:
 ../../../assimilation_code/modules/observations/land_quantities_mod.f90
  preprocess Finished successfully.

 --------------------------------------
 Finished ... at YYYY MM DD HH MM SS = 
                 2024  3 25 19 50 53
 Program preprocess
 --------------------------------------


 --------------------------------------
 Starting ... at YYYY MM DD HH MM SS = 
                 2024  3 25 19 52 42
 Program model_mod_check
 --------------------------------------

  set_nml_output Echo NML values to log file only
 PE 0: initialize_mpi_utilities:  Running with            1  MPI processes.
 
 Assimilate_these_obs_types:
    SOIL_TEMPERATURE
    TOWER_NETC_ECO_EXCHANGE
    MODIS_LEAF_AREA_INDEX
 Evaluate_these_obs_types:
    none
 Use the precomputed Prior Forward Operators for these obs types:
    none
 
 PE 0: location_mod: using code with optimized cutoffs
 PE 0: location_mod: Ignoring vertical separation when computing distances; horizontal distances only

 --------------------------------------
 Finished ... at YYYY MM DD HH MM SS = 
                 2024  3 25 19 52 42
 Program model_mod_check
 --------------------------------------


 --------------------------------------
 Starting ... at YYYY MM DD HH MM SS = 
                 2024  3 27 14 36 22
 Program preprocess
 --------------------------------------

  set_nml_output Echo NML values to log file only
 Path names of default obs_def and obs_qty modules
 ../../../observations/forward_operators/DEFAULT_obs_def_mod.F90
 ../../../assimilation_code/modules/observations/DEFAULT_obs_kind_mod.F90
 Path names of output obs_def and obs_qty modules
 ../../../observations/forward_operators/obs_def_mod.f90
 ../../../assimilation_code/modules/observations/obs_kind_mod.f90
 INPUT obs_def files:
 ../../../observations/forward_operators/obs_def_land_mod.f90
 ../../../observations/forward_operators/obs_def_tower_mod.f90
 INPUT quantity files:
 ../../../assimilation_code/modules/observations/land_quantities_mod.f90
  preprocess Finished successfully.

 --------------------------------------
 Finished ... at YYYY MM DD HH MM SS = 
                 2024  3 27 14 36 22
 Program preprocess
 --------------------------------------


 --------------------------------------
 Starting ... at YYYY MM DD HH MM SS = 
                 2024  3 27 14 38 37
 Program preprocess
 --------------------------------------

  set_nml_output Echo NML values to log file only
 Path names of default obs_def and obs_qty modules
 ../../../observations/forward_operators/DEFAULT_obs_def_mod.F90
 ../../../assimilation_code/modules/observations/DEFAULT_obs_kind_mod.F90
 Path names of output obs_def and obs_qty modules
 ../../../observations/forward_operators/obs_def_mod.f90
 ../../../assimilation_code/modules/observations/obs_kind_mod.f90
 INPUT obs_def files:
 ../../../observations/forward_operators/obs_def_land_mod.f90
 ../../../observations/forward_operators/obs_def_tower_mod.f90
 INPUT quantity files:
 ../../../assimilation_code/modules/observations/land_quantities_mod.f90
  preprocess Finished successfully.

 --------------------------------------
 Finished ... at YYYY MM DD HH MM SS = 
                 2024  3 27 14 38 37
 Program preprocess
 --------------------------------------


 --------------------------------------
 Starting ... at YYYY MM DD HH MM SS = 
                 2024  3 27 16 32  5
 Program model_mod_check
 --------------------------------------

  set_nml_output Echo NML values to log file only
 PE 0: initialize_mpi_utilities:  Running with            1  MPI processes.
 
 Assimilate_these_obs_types:
    SOIL_TEMPERATURE
    TOWER_NETC_ECO_EXCHANGE
    MODIS_LEAF_AREA_INDEX
 Evaluate_these_obs_types:
    none
 Use the precomputed Prior Forward Operators for these obs types:
    none
 
 PE 0: location_mod: using code with optimized cutoffs
 PE 0: location_mod: Ignoring vertical separation when computing distances; horizontal distances only

 --------------------------------------
 Finished ... at YYYY MM DD HH MM SS = 
                 2024  3 27 16 32  5
 Program model_mod_check
 --------------------------------------


 --------------------------------------
 Starting ... at YYYY MM DD HH MM SS = 
                 2024  3 27 18  3 15
 Program model_mod_check
 --------------------------------------

  set_nml_output Echo NML values to log file only
 PE 0: initialize_mpi_utilities:  Running with            1  MPI processes.
 
 Assimilate_these_obs_types:
    SOIL_TEMPERATURE
    TOWER_NETC_ECO_EXCHANGE
    MODIS_LEAF_AREA_INDEX
 Evaluate_these_obs_types:
    none
 Use the precomputed Prior Forward Operators for these obs types:
    none
 
 PE 0: location_mod: using code with optimized cutoffs
 PE 0: location_mod: Ignoring vertical separation when computing distances; horizontal distances only

 --------------------------------------
 Finished ... at YYYY MM DD HH MM SS = 
                 2024  3 27 18  3 15
 Program model_mod_check
 --------------------------------------

